2026-02-24 01:13:08,701 - sensevoice_asr - INFO - 正在加载SenseVoice模型: G:\gpt-sovits\v2\agent\main\plugins\SenseVoice\pretrained_models\iic\SenseVoiceSmall
2026-02-24 01:13:08,731 - sensevoice_asr - ERROR - SenseVoice模型加载失败: No module named 'addict'
2026-02-24 01:14:58,272 - sensevoice_asr - INFO - 正在加载SenseVoice模型: G:\gpt-sovits\v2\agent\main\plugins\SenseVoice\pretrained_models\iic\SenseVoiceSmall
2026-02-24 01:14:58,318 - sensevoice_asr - ERROR - SenseVoice模型加载失败: No module named 'datasets'
2026-02-24 01:21:30,295 - sensevoice_asr - INFO - 正在加载SenseVoice模型: G:\gpt-sovits\v2\agent\main\plugins\SenseVoice\pretrained_models\iic\SenseVoiceSmall
2026-02-24 01:21:30,454 - sensevoice_asr - ERROR - SenseVoice模型加载失败: cannot import name 'ALL_ALLOWED_EXTENSIONS' from 'datasets.load' (G:\gpt-sovits\v2\agent\main\venv\Lib\site-packages\datasets\load.py)
2026-02-24 01:22:49,392 - sensevoice_asr - INFO - 正在加载SenseVoice模型: G:\gpt-sovits\v2\agent\main\plugins\SenseVoice\pretrained_models\iic\SenseVoiceSmall
2026-02-24 01:22:49,529 - sensevoice_asr - ERROR - SenseVoice模型加载失败: cannot import name 'LargeList' from 'datasets' (G:\gpt-sovits\v2\agent\main\venv\Lib\site-packages\datasets\__init__.py)
2026-02-24 01:24:21,809 - sensevoice_asr - INFO - 正在加载SenseVoice模型: G:\gpt-sovits\v2\agent\main\plugins\SenseVoice\pretrained_models\iic\SenseVoiceSmall
2026-02-24 01:24:23,055 - root - INFO - download models from model hub: ms
2026-02-24 01:24:23,876 - root - WARNING - trust_remote_code: True
2026-02-24 01:26:16,806 - sensevoice_asr - INFO - 正在加载SenseVoice模型: G:\gpt-sovits\v2\agent\main\plugins\SenseVoice\pretrained_models\iic\SenseVoiceSmall
2026-02-24 01:26:16,806 - sensevoice_asr - INFO - 使用本地模型: G:\gpt-sovits\v2\agent\main\plugins\SenseVoice\pretrained_models\iic\SenseVoiceSmall
2026-02-24 01:26:18,014 - root - INFO - download models from model hub: ms
2026-02-24 01:26:18,024 - root - WARNING - trust_remote_code: True
2026-02-24 01:27:24,034 - sensevoice_asr - INFO - 正在加载SenseVoice模型: G:\gpt-sovits\v2\agent\main\plugins\SenseVoice\pretrained_models\iic\SenseVoiceSmall
2026-02-24 01:27:24,035 - sensevoice_asr - INFO - 使用本地模型: G:\gpt-sovits\v2\agent\main\plugins\SenseVoice\pretrained_models\iic\SenseVoiceSmall
2026-02-24 01:27:25,267 - root - INFO - download models from model hub: ms
2026-02-24 01:27:25,277 - root - WARNING - trust_remote_code: False
2026-02-24 01:28:34,397 - sensevoice_asr - INFO - 正在加载SenseVoice模型: G:\gpt-sovits\v2\agent\main\plugins\SenseVoice\pretrained_models\iic\SenseVoiceSmall
2026-02-24 01:28:34,398 - sensevoice_asr - INFO - 使用本地模型: G:\gpt-sovits\v2\agent\main\plugins\SenseVoice\pretrained_models\iic\SenseVoiceSmall
2026-02-24 01:28:35,597 - root - INFO - download models from model hub: ms
2026-02-24 01:28:35,607 - root - WARNING - trust_remote_code: False
2026-02-24 01:29:37,671 - sensevoice_asr - INFO - 正在加载SenseVoice模型: G:\gpt-sovits\v2\agent\main\plugins\SenseVoice\pretrained_models\iic\SenseVoiceSmall
2026-02-24 01:29:37,672 - sensevoice_asr - INFO - 检查模型文件: G:\gpt-sovits\v2\agent\main\plugins\SenseVoice\pretrained_models\iic\SenseVoiceSmall\model.pt, 存在: True
2026-02-24 01:29:37,672 - sensevoice_asr - INFO - 检查配置文件: G:\gpt-sovits\v2\agent\main\plugins\SenseVoice\pretrained_models\iic\SenseVoiceSmall\config.yaml, 存在: True
2026-02-24 01:29:37,672 - sensevoice_asr - INFO - 使用本地模型: G:\gpt-sovits\v2\agent\main\plugins\SenseVoice\pretrained_models\iic\SenseVoiceSmall
2026-02-24 01:29:38,876 - sensevoice_asr - INFO - 开始加载模型...
2026-02-24 01:29:38,876 - root - INFO - download models from model hub: ms
2026-02-24 01:29:38,886 - root - WARNING - trust_remote_code: False
2026-02-24 01:32:35,737 - sensevoice_asr - INFO - 正在加载SenseVoice模型: G:\gpt-sovits\v2\agent\main\plugins\SenseVoice\pretrained_models\iic\SenseVoiceSmall
2026-02-24 01:32:35,737 - sensevoice_asr - INFO - 检查模型文件: G:\gpt-sovits\v2\agent\main\plugins\SenseVoice\pretrained_models\iic\SenseVoiceSmall\model.pt, 存在: True
2026-02-24 01:32:35,737 - sensevoice_asr - INFO - 检查配置文件: G:\gpt-sovits\v2\agent\main\plugins\SenseVoice\pretrained_models\iic\SenseVoiceSmall\config.yaml, 存在: True
2026-02-24 01:32:35,737 - sensevoice_asr - INFO - 使用本地模型: G:\gpt-sovits\v2\agent\main\plugins\SenseVoice\pretrained_models\iic\SenseVoiceSmall
2026-02-24 01:32:36,956 - sensevoice_asr - INFO - 开始加载模型...
2026-02-24 01:32:36,956 - root - INFO - download models from model hub: ms
2026-02-24 01:32:36,966 - root - WARNING - trust_remote_code: True
2026-02-24 01:33:20,687 - sensevoice_asr - INFO - 正在加载SenseVoice模型: G:\gpt-sovits\v2\agent\main\plugins\SenseVoice\pretrained_models\iic\SenseVoiceSmall
2026-02-24 01:33:20,687 - sensevoice_asr - INFO - 检查模型文件: G:\gpt-sovits\v2\agent\main\plugins\SenseVoice\pretrained_models\iic\SenseVoiceSmall\model.pt, 存在: True
2026-02-24 01:33:20,687 - sensevoice_asr - INFO - 检查配置文件: G:\gpt-sovits\v2\agent\main\plugins\SenseVoice\pretrained_models\iic\SenseVoiceSmall\config.yaml, 存在: True
2026-02-24 01:33:20,687 - sensevoice_asr - INFO - 使用本地模型: G:\gpt-sovits\v2\agent\main\plugins\SenseVoice\pretrained_models\iic\SenseVoiceSmall
2026-02-24 01:33:21,910 - sensevoice_asr - INFO - 开始加载模型...
2026-02-24 01:33:21,910 - root - INFO - download models from model hub: ms
2026-02-24 01:33:21,921 - root - WARNING - trust_remote_code: True
2026-02-24 01:35:30,673 - sensevoice_asr - INFO - 正在加载SenseVoice模型: G:\gpt-sovits\v2\agent\main\plugins\SenseVoice\pretrained_models\iic\SenseVoiceSmall
2026-02-24 01:35:30,673 - sensevoice_asr - INFO - 检查模型文件: G:\gpt-sovits\v2\agent\main\plugins\SenseVoice\pretrained_models\iic\SenseVoiceSmall\model.pt, 存在: True
2026-02-24 01:35:30,673 - sensevoice_asr - INFO - 检查配置文件: G:\gpt-sovits\v2\agent\main\plugins\SenseVoice\pretrained_models\iic\SenseVoiceSmall\config.yaml, 存在: True
2026-02-24 01:35:30,673 - sensevoice_asr - INFO - 使用本地模型: G:\gpt-sovits\v2\agent\main\plugins\SenseVoice\pretrained_models\iic\SenseVoiceSmall
2026-02-24 01:35:31,879 - sensevoice_asr - INFO - 开始加载模型...
2026-02-24 01:35:31,880 - root - INFO - download models from model hub: ms
2026-02-24 01:35:32,690 - root - WARNING - trust_remote_code: True
2026-02-24 01:37:43,829 - sensevoice_asr - INFO - 正在加载SenseVoice模型: G:\gpt-sovits\v2\agent\main\plugins\SenseVoice\pretrained_models\iic\SenseVoiceSmall
2026-02-24 01:37:43,829 - sensevoice_asr - INFO - 检查模型文件: G:\gpt-sovits\v2\agent\main\plugins\SenseVoice\pretrained_models\iic\SenseVoiceSmall\model.pt, 存在: True
2026-02-24 01:37:43,829 - sensevoice_asr - INFO - 检查配置文件: G:\gpt-sovits\v2\agent\main\plugins\SenseVoice\pretrained_models\iic\SenseVoiceSmall\config.yaml, 存在: True
2026-02-24 01:37:43,829 - sensevoice_asr - INFO - 使用本地模型: G:\gpt-sovits\v2\agent\main\plugins\SenseVoice\pretrained_models\iic\SenseVoiceSmall
2026-02-24 01:37:43,829 - sensevoice_asr - INFO - 开始加载模型...
2026-02-24 01:37:44,209 - sensevoice_asr - INFO - 模型加载完成
2026-02-24 01:37:44,209 - sensevoice_asr - INFO - SenseVoice模型加载成功
2026-02-24 01:39:24,811 - sensevoice_asr - INFO - 正在加载SenseVoice模型: G:\gpt-sovits\v2\agent\main\plugins\SenseVoice\pretrained_models\iic\SenseVoiceSmall
2026-02-24 01:39:24,811 - sensevoice_asr - INFO - 检查模型文件: G:\gpt-sovits\v2\agent\main\plugins\SenseVoice\pretrained_models\iic\SenseVoiceSmall\model.pt, 存在: True
2026-02-24 01:39:24,812 - sensevoice_asr - INFO - 检查配置文件: G:\gpt-sovits\v2\agent\main\plugins\SenseVoice\pretrained_models\iic\SenseVoiceSmall\config.yaml, 存在: True
2026-02-24 01:39:24,812 - sensevoice_asr - INFO - 使用本地模型: G:\gpt-sovits\v2\agent\main\plugins\SenseVoice\pretrained_models\iic\SenseVoiceSmall
2026-02-24 01:39:24,812 - sensevoice_asr - INFO - 开始加载模型...
2026-02-24 01:39:25,212 - sensevoice_asr - INFO - 模型加载完成
2026-02-24 01:39:25,213 - sensevoice_asr - INFO - SenseVoice模型加载成功
2026-02-24 01:42:53,677 - sensevoice_asr - INFO - 正在加载SenseVoice模型: G:\gpt-sovits\v2\agent\main\plugins\SenseVoice\pretrained_models\iic\SenseVoiceSmall
2026-02-24 01:42:53,677 - sensevoice_asr - INFO - 检查模型文件: G:\gpt-sovits\v2\agent\main\plugins\SenseVoice\pretrained_models\iic\SenseVoiceSmall\model.pt, 存在: True
2026-02-24 01:42:53,677 - sensevoice_asr - INFO - 检查配置文件: G:\gpt-sovits\v2\agent\main\plugins\SenseVoice\pretrained_models\iic\SenseVoiceSmall\config.yaml, 存在: True
2026-02-24 01:42:53,677 - sensevoice_asr - INFO - 使用本地模型: G:\gpt-sovits\v2\agent\main\plugins\SenseVoice\pretrained_models\iic\SenseVoiceSmall
2026-02-24 01:42:53,677 - sensevoice_asr - INFO - 开始加载模型...
2026-02-24 01:42:54,023 - sensevoice_asr - INFO - 模型加载完成
2026-02-24 01:42:54,023 - sensevoice_asr - INFO - SenseVoice模型加载成功
2026-02-24 01:43:00,646 - sensevoice_asr - INFO - 开始录音...
2026-02-24 01:43:00,646 - sensevoice_asr - INFO - 按下Enter键结束录音...
2026-02-24 01:43:28,596 - sensevoice_asr - INFO - 开始录音...
2026-02-24 01:43:28,596 - sensevoice_asr - INFO - 按下Enter键结束录音...
2026-02-24 01:44:50,643 - sensevoice_asr - INFO - 正在加载SenseVoice模型: G:\gpt-sovits\v2\agent\main\plugins\SenseVoice\pretrained_models\iic\SenseVoiceSmall
2026-02-24 01:44:50,643 - sensevoice_asr - INFO - 检查模型文件: G:\gpt-sovits\v2\agent\main\plugins\SenseVoice\pretrained_models\iic\SenseVoiceSmall\model.pt, 存在: True
2026-02-24 01:44:50,643 - sensevoice_asr - INFO - 检查配置文件: G:\gpt-sovits\v2\agent\main\plugins\SenseVoice\pretrained_models\iic\SenseVoiceSmall\config.yaml, 存在: True
2026-02-24 01:44:50,643 - sensevoice_asr - INFO - 使用本地模型: G:\gpt-sovits\v2\agent\main\plugins\SenseVoice\pretrained_models\iic\SenseVoiceSmall
2026-02-24 01:44:50,643 - sensevoice_asr - INFO - 开始加载模型...
2026-02-24 01:44:51,084 - sensevoice_asr - INFO - 模型加载完成
2026-02-24 01:44:51,084 - sensevoice_asr - INFO - SenseVoice模型加载成功
2026-02-24 01:44:56,540 - sensevoice_asr - INFO - 开始录音，时长: 5秒...
2026-02-24 01:45:01,583 - sensevoice_asr - INFO - 录音已保存为 G:\gpt-sovits\v2\agent\main\plugins\SenseVoice\cache\temp_recording_1771868696.wav
2026-02-24 01:45:01,584 - sensevoice_asr - INFO - 开始识别音频: G:\gpt-sovits\v2\agent\main\plugins\SenseVoice\cache\temp_recording_1771868696.wav
2026-02-24 01:45:01,584 - sensevoice_asr - INFO - 识别结果: 
2026-02-24 01:45:01,584 - sensevoice_asr - INFO - 已删除临时文件: G:\gpt-sovits\v2\agent\main\plugins\SenseVoice\cache\temp_recording_1771868696.wav
2026-02-24 01:45:11,270 - sensevoice_asr - INFO - 开始录音，时长: 5秒...
2026-02-24 01:45:16,309 - sensevoice_asr - INFO - 录音已保存为 G:\gpt-sovits\v2\agent\main\plugins\SenseVoice\cache\temp_recording_1771868711.wav
2026-02-24 01:45:16,309 - sensevoice_asr - INFO - 开始识别音频: G:\gpt-sovits\v2\agent\main\plugins\SenseVoice\cache\temp_recording_1771868711.wav
2026-02-24 01:45:16,310 - sensevoice_asr - INFO - 识别结果: 
2026-02-24 01:45:16,310 - sensevoice_asr - INFO - 已删除临时文件: G:\gpt-sovits\v2\agent\main\plugins\SenseVoice\cache\temp_recording_1771868711.wav
2026-02-24 11:14:54,660 - sensevoice_asr - INFO - 正在加载SenseVoice模型: G:\gpt-sovits\v2\agent\main\plugins\SenseVoice\pretrained_models\iic\SenseVoiceSmall
2026-02-24 11:14:54,660 - sensevoice_asr - INFO - 检查模型文件: G:\gpt-sovits\v2\agent\main\plugins\SenseVoice\pretrained_models\iic\SenseVoiceSmall\model.pt, 存在: True
2026-02-24 11:14:54,660 - sensevoice_asr - INFO - 检查配置文件: G:\gpt-sovits\v2\agent\main\plugins\SenseVoice\pretrained_models\iic\SenseVoiceSmall\config.yaml, 存在: True
2026-02-24 11:14:54,660 - sensevoice_asr - INFO - 使用本地模型: G:\gpt-sovits\v2\agent\main\plugins\SenseVoice\pretrained_models\iic\SenseVoiceSmall
2026-02-24 11:14:57,549 - sensevoice_asr - INFO - 开始加载模型...
2026-02-24 11:14:57,549 - root - INFO - download models from model hub: ms
2026-02-24 11:14:57,570 - root - WARNING - trust_remote_code: True
2026-02-24 11:29:25,856 - sensevoice_asr - INFO - 正在加载SenseVoice模型: G:\gpt-sovits\v2\agent\main\plugins\SenseVoice\pretrained_models\iic\SenseVoiceSmall
2026-02-24 11:29:25,856 - sensevoice_asr - INFO - 检查模型文件: G:\gpt-sovits\v2\agent\main\plugins\SenseVoice\pretrained_models\iic\SenseVoiceSmall\model.pt, 存在: True
2026-02-24 11:29:25,856 - sensevoice_asr - INFO - 检查配置文件: G:\gpt-sovits\v2\agent\main\plugins\SenseVoice\pretrained_models\iic\SenseVoiceSmall\config.yaml, 存在: True
2026-02-24 11:29:25,856 - sensevoice_asr - INFO - 使用本地模型: G:\gpt-sovits\v2\agent\main\plugins\SenseVoice\pretrained_models\iic\SenseVoiceSmall
2026-02-24 11:29:27,376 - sensevoice_asr - INFO - 开始加载模型...
2026-02-24 11:29:29,087 - root - INFO - download models from model hub: ms
2026-02-24 11:29:29,098 - root - WARNING - trust_remote_code: True
2026-02-24 11:32:15,287 - sensevoice_asr - INFO - 正在加载SenseVoice模型: G:\gpt-sovits\v2\agent\main\plugins\SenseVoice\pretrained_models\iic\SenseVoiceSmall
2026-02-24 11:32:15,287 - sensevoice_asr - INFO - 检查模型文件: G:\gpt-sovits\v2\agent\main\plugins\SenseVoice\pretrained_models\iic\SenseVoiceSmall\model.pt, 存在: True
2026-02-24 11:32:15,287 - sensevoice_asr - INFO - 检查配置文件: G:\gpt-sovits\v2\agent\main\plugins\SenseVoice\pretrained_models\iic\SenseVoiceSmall\config.yaml, 存在: True
2026-02-24 11:32:15,287 - sensevoice_asr - INFO - 使用本地模型: G:\gpt-sovits\v2\agent\main\plugins\SenseVoice\pretrained_models\iic\SenseVoiceSmall
2026-02-24 11:32:17,248 - sensevoice_asr - INFO - 开始加载模型...
2026-02-24 11:32:17,872 - root - INFO - download models from model hub: ms
2026-02-24 11:32:17,882 - root - WARNING - trust_remote_code: True
2026-02-24 11:35:21,408 - sensevoice_asr - INFO - 正在加载SenseVoice模型: G:\gpt-sovits\v2\agent\main\plugins\SenseVoice\pretrained_models\iic\SenseVoiceSmall
2026-02-24 11:35:21,408 - sensevoice_asr - INFO - 检查模型文件: G:\gpt-sovits\v2\agent\main\plugins\SenseVoice\pretrained_models\iic\SenseVoiceSmall\model.pt, 存在: True
2026-02-24 11:35:21,409 - sensevoice_asr - INFO - 检查配置文件: G:\gpt-sovits\v2\agent\main\plugins\SenseVoice\pretrained_models\iic\SenseVoiceSmall\config.yaml, 存在: True
2026-02-24 11:35:21,409 - sensevoice_asr - INFO - 使用本地模型: G:\gpt-sovits\v2\agent\main\plugins\SenseVoice\pretrained_models\iic\SenseVoiceSmall
2026-02-24 11:35:22,613 - sensevoice_asr - INFO - 开始加载模型...
2026-02-24 11:35:22,613 - root - INFO - download models from model hub: ms
2026-02-24 11:35:22,624 - root - WARNING - trust_remote_code: True
2026-02-24 11:38:07,769 - sensevoice_asr - INFO - 正在加载SenseVoice模型: G:\gpt-sovits\v2\agent\main\plugins\SenseVoice\pretrained_models\iic\SenseVoiceSmall
2026-02-24 11:38:07,769 - sensevoice_asr - INFO - 检查模型文件: G:\gpt-sovits\v2\agent\main\plugins\SenseVoice\pretrained_models\iic\SenseVoiceSmall\model.pt, 存在: True
2026-02-24 11:38:07,769 - sensevoice_asr - INFO - 检查配置文件: G:\gpt-sovits\v2\agent\main\plugins\SenseVoice\pretrained_models\iic\SenseVoiceSmall\config.yaml, 存在: True
2026-02-24 11:38:07,769 - sensevoice_asr - INFO - 使用本地模型: G:\gpt-sovits\v2\agent\main\plugins\SenseVoice\pretrained_models\iic\SenseVoiceSmall
2026-02-24 11:38:08,991 - sensevoice_asr - INFO - 开始加载模型...
2026-02-24 11:38:08,992 - root - INFO - download models from model hub: ms
2026-02-24 11:38:10,071 - root - WARNING - trust_remote_code: True
2026-02-24 12:20:42,720 - sensevoice_asr - INFO - 已将SenseVoice模型目录加入Python路径: G:\gpt-sovits\v2\agent\main\plugins\SenseVoice\pretrained_models\iic\SenseVoiceSmall
2026-02-24 12:20:42,720 - sensevoice_asr - INFO - 正在加载SenseVoice模型: G:\gpt-sovits\v2\agent\main\plugins\SenseVoice\pretrained_models\iic\SenseVoiceSmall
2026-02-24 12:20:42,721 - sensevoice_asr - INFO - 检查模型文件: G:\gpt-sovits\v2\agent\main\plugins\SenseVoice\pretrained_models\iic\SenseVoiceSmall\model.pt, 存在: True
2026-02-24 12:20:42,721 - sensevoice_asr - INFO - 检查配置文件: G:\gpt-sovits\v2\agent\main\plugins\SenseVoice\pretrained_models\iic\SenseVoiceSmall\config.yaml, 存在: True
2026-02-24 12:20:42,721 - sensevoice_asr - INFO - 使用本地模型: G:\gpt-sovits\v2\agent\main\plugins\SenseVoice\pretrained_models\iic\SenseVoiceSmall
2026-02-24 12:20:43,947 - sensevoice_asr - INFO - 开始加载模型...
2026-02-24 12:20:43,947 - root - INFO - download models from model hub: ms
2026-02-24 12:20:43,957 - root - WARNING - trust_remote_code: True
2026-02-24 12:26:13,408 - sensevoice_asr - INFO - 已将SenseVoice模型目录加入Python路径: G:\gpt-sovits\v2\agent\main\plugins\SenseVoice\pretrained_models\iic\SenseVoiceSmall
2026-02-24 12:26:13,408 - sensevoice_asr - INFO - 正在加载SenseVoice模型: G:\gpt-sovits\v2\agent\main\plugins\SenseVoice\pretrained_models\iic\SenseVoiceSmall
2026-02-24 12:26:13,408 - sensevoice_asr - INFO - 检查模型文件: G:\gpt-sovits\v2\agent\main\plugins\SenseVoice\pretrained_models\iic\SenseVoiceSmall\model.pt, 存在: True
2026-02-24 12:26:13,408 - sensevoice_asr - INFO - 检查配置文件: G:\gpt-sovits\v2\agent\main\plugins\SenseVoice\pretrained_models\iic\SenseVoiceSmall\config.yaml, 存在: True
2026-02-24 12:26:13,408 - sensevoice_asr - INFO - 使用本地模型: G:\gpt-sovits\v2\agent\main\plugins\SenseVoice\pretrained_models\iic\SenseVoiceSmall
2026-02-24 12:26:14,624 - sensevoice_asr - INFO - 开始加载模型...
2026-02-24 12:26:14,626 - root - INFO - download models from model hub: ms
2026-02-24 12:26:15,618 - root - WARNING - trust_remote_code: False
2026-02-24 20:47:28,422 - sensevoice_asr - INFO - 已将SenseVoice模型目录加入Python路径: G:\gpt-sovits\v2\agent\main\plugins\SenseVoice\pretrained_models\iic\SenseVoiceSmall
2026-02-24 20:47:28,422 - sensevoice_asr - INFO - 创建临时model.py文件: G:\gpt-sovits\v2\agent\main\plugins\SenseVoice\pretrained_models\iic\SenseVoiceSmall\model.py
2026-02-24 20:47:28,422 - sensevoice_asr - INFO - 正在加载SenseVoice模型: G:\gpt-sovits\v2\agent\main\plugins\SenseVoice\pretrained_models\iic\SenseVoiceSmall
2026-02-24 20:47:28,423 - sensevoice_asr - INFO - 检查模型文件: G:\gpt-sovits\v2\agent\main\plugins\SenseVoice\pretrained_models\iic\SenseVoiceSmall\model.pt, 存在: True
2026-02-24 20:47:28,423 - sensevoice_asr - INFO - 检查配置文件: G:\gpt-sovits\v2\agent\main\plugins\SenseVoice\pretrained_models\iic\SenseVoiceSmall\config.yaml, 存在: True
2026-02-24 20:47:28,423 - sensevoice_asr - INFO - 使用本地模型: G:\gpt-sovits\v2\agent\main\plugins\SenseVoice\pretrained_models\iic\SenseVoiceSmall
2026-02-24 20:47:29,914 - sensevoice_asr - INFO - 开始加载模型...
2026-02-24 20:47:29,914 - root - INFO - download models from model hub: ms
2026-02-24 20:47:29,925 - root - WARNING - trust_remote_code: False
2026-02-24 20:50:41,647 - sensevoice_asr - INFO - 已将SenseVoice模型目录加入Python路径: G:\gpt-sovits\v2\agent\main\plugins\SenseVoice\pretrained_models\iic\SenseVoiceSmall
2026-02-24 20:50:41,647 - sensevoice_asr - INFO - 创建临时model.py文件: G:\gpt-sovits\v2\agent\main\plugins\SenseVoice\pretrained_models\iic\SenseVoiceSmall\model.py
2026-02-24 20:50:41,647 - sensevoice_asr - INFO - 正在加载SenseVoice模型: G:\gpt-sovits\v2\agent\main\plugins\SenseVoice\pretrained_models\iic\SenseVoiceSmall
2026-02-24 20:50:41,647 - sensevoice_asr - INFO - 检查模型文件: G:\gpt-sovits\v2\agent\main\plugins\SenseVoice\pretrained_models\iic\SenseVoiceSmall\model.pt, 存在: True
2026-02-24 20:50:41,647 - sensevoice_asr - INFO - 检查配置文件: G:\gpt-sovits\v2\agent\main\plugins\SenseVoice\pretrained_models\iic\SenseVoiceSmall\config.yaml, 存在: True
2026-02-24 20:50:41,648 - sensevoice_asr - INFO - 使用本地模型: G:\gpt-sovits\v2\agent\main\plugins\SenseVoice\pretrained_models\iic\SenseVoiceSmall
2026-02-24 20:50:42,907 - sensevoice_asr - INFO - 开始加载模型...
2026-02-24 20:50:42,907 - root - INFO - download models from model hub: ms
2026-02-24 20:50:42,917 - root - WARNING - trust_remote_code: False
